2020-07-18T20:46:55+00:00 CRITICAL Uncaught Error: Call to a member function needs_shipping_address() on null in /vh/g/fixitcombd184747/www/wp-content/plugins/duracelltomi-google-tag-manager/integration/woocommerce.php:222
Stack trace:
#0 /vh/g/fixitcombd184747/www/wp-includes/class-wp-hook.php(290): gtm4wp_woocommerce_addglobalvars('')
#1 /vh/g/fixitcombd184747/www/wp-includes/plugin.php(206): WP_Hook->apply_filters('', Array)
#2 /vh/g/fixitcombd184747/www/wp-content/plugins/duracelltomi-google-tag-manager/public/frontend.php(785): apply_filters('gtm4wp_add_glob...', '', true)
#3 /vh/g/fixitcombd184747/www/wp-includes/class-wp-hook.php(286): gtm4wp_wp_header_top()
#4 /vh/g/fixitcombd184747/www/wp-includes/class-wp-hook.php(312): WP_Hook->apply_filters(NULL, Array)
#5 /vh/g/fixitcombd184747/www/wp-includes/plugin.php(478): WP_Hook->do_action(Array)
#6 /vh/g/fixitcombd184747/www/wp-includes/general-template.php(2879): do_action('wp_head')
#7 /vh/g/fixitcombd184747/www/wp-content/themes/urna/header.php(17): wp_head()
#8 /vh/g/fixitcombd184747/ww in /vh/g/fixitcombd184747/www/wp-content/plugins/duracelltomi-google-tag-manager/integration/woocommerce.php on line 222

2020-07-18T20:46:58+00:00 CRITICAL Uncaught Error: Call to a member function needs_shipping_address() on null in /vh/g/fixitcombd184747/www/wp-content/plugins/duracelltomi-google-tag-manager/integration/woocommerce.php:222
Stack trace:
#0 /vh/g/fixitcombd184747/www/wp-includes/class-wp-hook.php(290): gtm4wp_woocommerce_addglobalvars('')
#1 /vh/g/fixitcombd184747/www/wp-includes/plugin.php(206): WP_Hook->apply_filters('', Array)
#2 /vh/g/fixitcombd184747/www/wp-content/plugins/duracelltomi-google-tag-manager/public/frontend.php(785): apply_filters('gtm4wp_add_glob...', '', true)
#3 /vh/g/fixitcombd184747/www/wp-includes/class-wp-hook.php(286): gtm4wp_wp_header_top()
#4 /vh/g/fixitcombd184747/www/wp-includes/class-wp-hook.php(312): WP_Hook->apply_filters(NULL, Array)
#5 /vh/g/fixitcombd184747/www/wp-includes/plugin.php(478): WP_Hook->do_action(Array)
#6 /vh/g/fixitcombd184747/www/wp-includes/general-template.php(2879): do_action('wp_head')
#7 /vh/g/fixitcombd184747/www/wp-content/themes/urna/header.php(17): wp_head()
#8 /vh/g/fixitcombd184747/ww in /vh/g/fixitcombd184747/www/wp-content/plugins/duracelltomi-google-tag-manager/integration/woocommerce.php on line 222

