2020-03-05T20:20:29+00:00 CRITICAL Uncaught Error: Call to a member function get_cart() on null in /vh/g/fixitcombd184747/www/wp-content/themes/urna/woocommerce/cart/mini-cart.php:29
Stack trace:
#0 /vh/g/fixitcombd184747/www/wp-content/plugins/woocommerce/includes/wc-core-functions.php(249): include()
#1 /vh/g/fixitcombd184747/www/wp-content/plugins/woocommerce/includes/wc-template-functions.php(2113): wc_get_template('cart/mini-cart....', Array)
#2 /vh/g/fixitcombd184747/www/wp-content/themes/urna/page-templates/parts/offcanvas-cart-right.php(11): woocommerce_mini_cart()
#3 /vh/g/fixitcombd184747/www/wp-includes/template.php(724): require('/vh/g/fixitcomb...')
#4 /vh/g/fixitcombd184747/www/wp-includes/template.php(671): load_template('/vh/g/fixitcomb...', false)
#5 /vh/g/fixitcombd184747/www/wp-includes/general-template.php(168): locate_template(Array, true, false)
#6 /vh/g/fixitcombd184747/www/wp-content/themes/urna/inc/functions-helper.php(386): get_template_part('page-templates/...', 'right')
#7 /vh/g/fixitcombd184747/www/wp-content/theme in /vh/g/fixitcombd184747/www/wp-content/themes/urna/woocommerce/cart/mini-cart.php on line 29

2020-03-05T20:20:39+00:00 CRITICAL Uncaught Error: Call to a member function get_cart() on null in /vh/g/fixitcombd184747/www/wp-content/themes/urna/woocommerce/cart/mini-cart.php:29
Stack trace:
#0 /vh/g/fixitcombd184747/www/wp-content/plugins/woocommerce/includes/wc-core-functions.php(249): include()
#1 /vh/g/fixitcombd184747/www/wp-content/plugins/woocommerce/includes/wc-template-functions.php(2113): wc_get_template('cart/mini-cart....', Array)
#2 /vh/g/fixitcombd184747/www/wp-content/themes/urna/page-templates/parts/offcanvas-cart-right.php(11): woocommerce_mini_cart()
#3 /vh/g/fixitcombd184747/www/wp-includes/template.php(724): require('/vh/g/fixitcomb...')
#4 /vh/g/fixitcombd184747/www/wp-includes/template.php(671): load_template('/vh/g/fixitcomb...', false)
#5 /vh/g/fixitcombd184747/www/wp-includes/general-template.php(168): locate_template(Array, true, false)
#6 /vh/g/fixitcombd184747/www/wp-content/themes/urna/inc/functions-helper.php(386): get_template_part('page-templates/...', 'right')
#7 /vh/g/fixitcombd184747/www/wp-content/theme in /vh/g/fixitcombd184747/www/wp-content/themes/urna/woocommerce/cart/mini-cart.php on line 29

