2020-03-19T07:47:26+00:00 CRITICAL Uncaught Error: Call to a member function get_total() on boolean in /vh/g/fixitcombd184747/www/wp-content/plugins/New-WooCommerce-PaymentGateway-V5.2.1-EasyCheckout-master/sslcommerz_ipn.php:48
Stack trace:
#0 /vh/g/fixitcombd184747/www/wp-content/plugins/New-WooCommerce-PaymentGateway-V5.2.1-EasyCheckout-master/index.php(597): include()
#1 /vh/g/fixitcombd184747/www/wp-includes/class-wp-hook.php(288): Create_ssl_ipn_page_url->parse_request(Object(WP))
#2 /vh/g/fixitcombd184747/www/wp-includes/class-wp-hook.php(312): WP_Hook->apply_filters(NULL, Array)
#3 /vh/g/fixitcombd184747/www/wp-includes/plugin.php(544): WP_Hook->do_action(Array)
#4 /vh/g/fixitcombd184747/www/wp-includes/class-wp.php(387): do_action_ref_array('parse_request', Array)
#5 /vh/g/fixitcombd184747/www/wp-includes/class-wp.php(729): WP->parse_request('')
#6 /vh/g/fixitcombd184747/www/wp-includes/functions.php(1255): WP->main('')
#7 /vh/g/fixitcombd184747/www/wp-blog-header.php(16): wp()
#8 /vh/g/fixitcombd184747/www/index.php(17): require('/vh in /vh/g/fixitcombd184747/www/wp-content/plugins/New-WooCommerce-PaymentGateway-V5.2.1-EasyCheckout-master/sslcommerz_ipn.php on line 48

2020-03-19T07:54:33+00:00 CRITICAL Uncaught Error: Call to a member function get_total() on boolean in /vh/g/fixitcombd184747/www/wp-content/plugins/New-WooCommerce-PaymentGateway-V5.2.1-EasyCheckout-master/sslcommerz_ipn.php:48
Stack trace:
#0 /vh/g/fixitcombd184747/www/wp-content/plugins/New-WooCommerce-PaymentGateway-V5.2.1-EasyCheckout-master/index.php(597): include()
#1 /vh/g/fixitcombd184747/www/wp-includes/class-wp-hook.php(288): Create_ssl_ipn_page_url->parse_request(Object(WP))
#2 /vh/g/fixitcombd184747/www/wp-includes/class-wp-hook.php(312): WP_Hook->apply_filters(NULL, Array)
#3 /vh/g/fixitcombd184747/www/wp-includes/plugin.php(544): WP_Hook->do_action(Array)
#4 /vh/g/fixitcombd184747/www/wp-includes/class-wp.php(387): do_action_ref_array('parse_request', Array)
#5 /vh/g/fixitcombd184747/www/wp-includes/class-wp.php(729): WP->parse_request('')
#6 /vh/g/fixitcombd184747/www/wp-includes/functions.php(1255): WP->main('')
#7 /vh/g/fixitcombd184747/www/wp-blog-header.php(16): wp()
#8 /vh/g/fixitcombd184747/www/index.php(17): require('/vh in /vh/g/fixitcombd184747/www/wp-content/plugins/New-WooCommerce-PaymentGateway-V5.2.1-EasyCheckout-master/sslcommerz_ipn.php on line 48

2020-03-19T07:58:53+00:00 CRITICAL Uncaught Error: Call to a member function get_total() on boolean in /vh/g/fixitcombd184747/www/wp-content/plugins/New-WooCommerce-PaymentGateway-V5.2.1-EasyCheckout-master/sslcommerz_ipn.php:48
Stack trace:
#0 /vh/g/fixitcombd184747/www/wp-content/plugins/New-WooCommerce-PaymentGateway-V5.2.1-EasyCheckout-master/index.php(597): include()
#1 /vh/g/fixitcombd184747/www/wp-includes/class-wp-hook.php(288): Create_ssl_ipn_page_url->parse_request(Object(WP))
#2 /vh/g/fixitcombd184747/www/wp-includes/class-wp-hook.php(312): WP_Hook->apply_filters(NULL, Array)
#3 /vh/g/fixitcombd184747/www/wp-includes/plugin.php(544): WP_Hook->do_action(Array)
#4 /vh/g/fixitcombd184747/www/wp-includes/class-wp.php(387): do_action_ref_array('parse_request', Array)
#5 /vh/g/fixitcombd184747/www/wp-includes/class-wp.php(729): WP->parse_request('')
#6 /vh/g/fixitcombd184747/www/wp-includes/functions.php(1255): WP->main('')
#7 /vh/g/fixitcombd184747/www/wp-blog-header.php(16): wp()
#8 /vh/g/fixitcombd184747/www/index.php(17): require('/vh in /vh/g/fixitcombd184747/www/wp-content/plugins/New-WooCommerce-PaymentGateway-V5.2.1-EasyCheckout-master/sslcommerz_ipn.php on line 48

2020-03-19T08:00:47+00:00 CRITICAL Uncaught Error: Call to a member function get_total() on boolean in /vh/g/fixitcombd184747/www/wp-content/plugins/New-WooCommerce-PaymentGateway-V5.2.1-EasyCheckout-master/sslcommerz_ipn.php:48
Stack trace:
#0 /vh/g/fixitcombd184747/www/wp-content/plugins/New-WooCommerce-PaymentGateway-V5.2.1-EasyCheckout-master/index.php(597): include()
#1 /vh/g/fixitcombd184747/www/wp-includes/class-wp-hook.php(288): Create_ssl_ipn_page_url->parse_request(Object(WP))
#2 /vh/g/fixitcombd184747/www/wp-includes/class-wp-hook.php(312): WP_Hook->apply_filters(NULL, Array)
#3 /vh/g/fixitcombd184747/www/wp-includes/plugin.php(544): WP_Hook->do_action(Array)
#4 /vh/g/fixitcombd184747/www/wp-includes/class-wp.php(387): do_action_ref_array('parse_request', Array)
#5 /vh/g/fixitcombd184747/www/wp-includes/class-wp.php(729): WP->parse_request('')
#6 /vh/g/fixitcombd184747/www/wp-includes/functions.php(1255): WP->main('')
#7 /vh/g/fixitcombd184747/www/wp-blog-header.php(16): wp()
#8 /vh/g/fixitcombd184747/www/index.php(17): require('/vh in /vh/g/fixitcombd184747/www/wp-content/plugins/New-WooCommerce-PaymentGateway-V5.2.1-EasyCheckout-master/sslcommerz_ipn.php on line 48

2020-03-19T08:00:50+00:00 CRITICAL Uncaught Error: Call to a member function get_total() on boolean in /vh/g/fixitcombd184747/www/wp-content/plugins/New-WooCommerce-PaymentGateway-V5.2.1-EasyCheckout-master/sslcommerz_ipn.php:48
Stack trace:
#0 /vh/g/fixitcombd184747/www/wp-content/plugins/New-WooCommerce-PaymentGateway-V5.2.1-EasyCheckout-master/index.php(597): include()
#1 /vh/g/fixitcombd184747/www/wp-includes/class-wp-hook.php(288): Create_ssl_ipn_page_url->parse_request(Object(WP))
#2 /vh/g/fixitcombd184747/www/wp-includes/class-wp-hook.php(312): WP_Hook->apply_filters(NULL, Array)
#3 /vh/g/fixitcombd184747/www/wp-includes/plugin.php(544): WP_Hook->do_action(Array)
#4 /vh/g/fixitcombd184747/www/wp-includes/class-wp.php(387): do_action_ref_array('parse_request', Array)
#5 /vh/g/fixitcombd184747/www/wp-includes/class-wp.php(729): WP->parse_request('')
#6 /vh/g/fixitcombd184747/www/wp-includes/functions.php(1255): WP->main('')
#7 /vh/g/fixitcombd184747/www/wp-blog-header.php(16): wp()
#8 /vh/g/fixitcombd184747/www/index.php(17): require('/vh in /vh/g/fixitcombd184747/www/wp-content/plugins/New-WooCommerce-PaymentGateway-V5.2.1-EasyCheckout-master/sslcommerz_ipn.php on line 48

2020-03-19T08:06:59+00:00 CRITICAL Uncaught Error: Call to a member function get_total() on boolean in /vh/g/fixitcombd184747/www/wp-content/plugins/New-WooCommerce-PaymentGateway-V5.2.1-EasyCheckout-master/sslcommerz_ipn.php:48
Stack trace:
#0 /vh/g/fixitcombd184747/www/wp-content/plugins/New-WooCommerce-PaymentGateway-V5.2.1-EasyCheckout-master/index.php(597): include()
#1 /vh/g/fixitcombd184747/www/wp-includes/class-wp-hook.php(288): Create_ssl_ipn_page_url->parse_request(Object(WP))
#2 /vh/g/fixitcombd184747/www/wp-includes/class-wp-hook.php(312): WP_Hook->apply_filters(NULL, Array)
#3 /vh/g/fixitcombd184747/www/wp-includes/plugin.php(544): WP_Hook->do_action(Array)
#4 /vh/g/fixitcombd184747/www/wp-includes/class-wp.php(387): do_action_ref_array('parse_request', Array)
#5 /vh/g/fixitcombd184747/www/wp-includes/class-wp.php(729): WP->parse_request('')
#6 /vh/g/fixitcombd184747/www/wp-includes/functions.php(1255): WP->main('')
#7 /vh/g/fixitcombd184747/www/wp-blog-header.php(16): wp()
#8 /vh/g/fixitcombd184747/www/index.php(17): require('/vh in /vh/g/fixitcombd184747/www/wp-content/plugins/New-WooCommerce-PaymentGateway-V5.2.1-EasyCheckout-master/sslcommerz_ipn.php on line 48

2020-03-19T09:10:41+00:00 CRITICAL Uncaught Error: Call to a member function get_total() on boolean in /vh/g/fixitcombd184747/www/wp-content/plugins/New-WooCommerce-PaymentGateway-V5.2.1-EasyCheckout-master/sslcommerz_ipn.php:48
Stack trace:
#0 /vh/g/fixitcombd184747/www/wp-content/plugins/New-WooCommerce-PaymentGateway-V5.2.1-EasyCheckout-master/index.php(597): include()
#1 /vh/g/fixitcombd184747/www/wp-includes/class-wp-hook.php(288): Create_ssl_ipn_page_url->parse_request(Object(WP))
#2 /vh/g/fixitcombd184747/www/wp-includes/class-wp-hook.php(312): WP_Hook->apply_filters(NULL, Array)
#3 /vh/g/fixitcombd184747/www/wp-includes/plugin.php(544): WP_Hook->do_action(Array)
#4 /vh/g/fixitcombd184747/www/wp-includes/class-wp.php(387): do_action_ref_array('parse_request', Array)
#5 /vh/g/fixitcombd184747/www/wp-includes/class-wp.php(729): WP->parse_request('')
#6 /vh/g/fixitcombd184747/www/wp-includes/functions.php(1255): WP->main('')
#7 /vh/g/fixitcombd184747/www/wp-blog-header.php(16): wp()
#8 /vh/g/fixitcombd184747/www/index.php(17): require('/vh in /vh/g/fixitcombd184747/www/wp-content/plugins/New-WooCommerce-PaymentGateway-V5.2.1-EasyCheckout-master/sslcommerz_ipn.php on line 48

2020-03-19T09:21:17+00:00 CRITICAL Uncaught Error: Call to a member function get_total() on boolean in /vh/g/fixitcombd184747/www/wp-content/plugins/New-WooCommerce-PaymentGateway-V5.2.1-EasyCheckout-master/sslcommerz_ipn.php:48
Stack trace:
#0 /vh/g/fixitcombd184747/www/wp-content/plugins/New-WooCommerce-PaymentGateway-V5.2.1-EasyCheckout-master/index.php(597): include()
#1 /vh/g/fixitcombd184747/www/wp-includes/class-wp-hook.php(288): Create_ssl_ipn_page_url->parse_request(Object(WP))
#2 /vh/g/fixitcombd184747/www/wp-includes/class-wp-hook.php(312): WP_Hook->apply_filters(NULL, Array)
#3 /vh/g/fixitcombd184747/www/wp-includes/plugin.php(544): WP_Hook->do_action(Array)
#4 /vh/g/fixitcombd184747/www/wp-includes/class-wp.php(387): do_action_ref_array('parse_request', Array)
#5 /vh/g/fixitcombd184747/www/wp-includes/class-wp.php(729): WP->parse_request('')
#6 /vh/g/fixitcombd184747/www/wp-includes/functions.php(1255): WP->main('')
#7 /vh/g/fixitcombd184747/www/wp-blog-header.php(16): wp()
#8 /vh/g/fixitcombd184747/www/index.php(17): require('/vh in /vh/g/fixitcombd184747/www/wp-content/plugins/New-WooCommerce-PaymentGateway-V5.2.1-EasyCheckout-master/sslcommerz_ipn.php on line 48

2020-03-19T09:22:15+00:00 CRITICAL Uncaught Error: Call to a member function get_total() on boolean in /vh/g/fixitcombd184747/www/wp-content/plugins/New-WooCommerce-PaymentGateway-V5.2.1-EasyCheckout-master/sslcommerz_ipn.php:48
Stack trace:
#0 /vh/g/fixitcombd184747/www/wp-content/plugins/New-WooCommerce-PaymentGateway-V5.2.1-EasyCheckout-master/index.php(597): include()
#1 /vh/g/fixitcombd184747/www/wp-includes/class-wp-hook.php(288): Create_ssl_ipn_page_url->parse_request(Object(WP))
#2 /vh/g/fixitcombd184747/www/wp-includes/class-wp-hook.php(312): WP_Hook->apply_filters(NULL, Array)
#3 /vh/g/fixitcombd184747/www/wp-includes/plugin.php(544): WP_Hook->do_action(Array)
#4 /vh/g/fixitcombd184747/www/wp-includes/class-wp.php(387): do_action_ref_array('parse_request', Array)
#5 /vh/g/fixitcombd184747/www/wp-includes/class-wp.php(729): WP->parse_request('')
#6 /vh/g/fixitcombd184747/www/wp-includes/functions.php(1255): WP->main('')
#7 /vh/g/fixitcombd184747/www/wp-blog-header.php(16): wp()
#8 /vh/g/fixitcombd184747/www/index.php(17): require('/vh in /vh/g/fixitcombd184747/www/wp-content/plugins/New-WooCommerce-PaymentGateway-V5.2.1-EasyCheckout-master/sslcommerz_ipn.php on line 48

2020-03-19T09:22:53+00:00 CRITICAL Uncaught Error: Call to a member function get_total() on boolean in /vh/g/fixitcombd184747/www/wp-content/plugins/New-WooCommerce-PaymentGateway-V5.2.1-EasyCheckout-master/sslcommerz_ipn.php:48
Stack trace:
#0 /vh/g/fixitcombd184747/www/wp-content/plugins/New-WooCommerce-PaymentGateway-V5.2.1-EasyCheckout-master/index.php(597): include()
#1 /vh/g/fixitcombd184747/www/wp-includes/class-wp-hook.php(288): Create_ssl_ipn_page_url->parse_request(Object(WP))
#2 /vh/g/fixitcombd184747/www/wp-includes/class-wp-hook.php(312): WP_Hook->apply_filters(NULL, Array)
#3 /vh/g/fixitcombd184747/www/wp-includes/plugin.php(544): WP_Hook->do_action(Array)
#4 /vh/g/fixitcombd184747/www/wp-includes/class-wp.php(387): do_action_ref_array('parse_request', Array)
#5 /vh/g/fixitcombd184747/www/wp-includes/class-wp.php(729): WP->parse_request('')
#6 /vh/g/fixitcombd184747/www/wp-includes/functions.php(1255): WP->main('')
#7 /vh/g/fixitcombd184747/www/wp-blog-header.php(16): wp()
#8 /vh/g/fixitcombd184747/www/index.php(17): require('/vh in /vh/g/fixitcombd184747/www/wp-content/plugins/New-WooCommerce-PaymentGateway-V5.2.1-EasyCheckout-master/sslcommerz_ipn.php on line 48

2020-03-19T11:22:46+00:00 CRITICAL Uncaught Error: Call to a member function get_total() on boolean in /vh/g/fixitcombd184747/www/wp-content/plugins/New-WooCommerce-PaymentGateway-V5.2.1-EasyCheckout-master/sslcommerz_ipn.php:48
Stack trace:
#0 /vh/g/fixitcombd184747/www/wp-content/plugins/New-WooCommerce-PaymentGateway-V5.2.1-EasyCheckout-master/index.php(597): include()
#1 /vh/g/fixitcombd184747/www/wp-includes/class-wp-hook.php(288): Create_ssl_ipn_page_url->parse_request(Object(WP))
#2 /vh/g/fixitcombd184747/www/wp-includes/class-wp-hook.php(312): WP_Hook->apply_filters(NULL, Array)
#3 /vh/g/fixitcombd184747/www/wp-includes/plugin.php(544): WP_Hook->do_action(Array)
#4 /vh/g/fixitcombd184747/www/wp-includes/class-wp.php(387): do_action_ref_array('parse_request', Array)
#5 /vh/g/fixitcombd184747/www/wp-includes/class-wp.php(729): WP->parse_request('')
#6 /vh/g/fixitcombd184747/www/wp-includes/functions.php(1255): WP->main('')
#7 /vh/g/fixitcombd184747/www/wp-blog-header.php(16): wp()
#8 /vh/g/fixitcombd184747/www/index.php(17): require('/vh in /vh/g/fixitcombd184747/www/wp-content/plugins/New-WooCommerce-PaymentGateway-V5.2.1-EasyCheckout-master/sslcommerz_ipn.php on line 48

2020-03-19T11:34:27+00:00 CRITICAL Uncaught Error: Call to a member function get_total() on boolean in /vh/g/fixitcombd184747/www/wp-content/plugins/New-WooCommerce-PaymentGateway-V5.2.1-EasyCheckout-master/sslcommerz_ipn.php:48
Stack trace:
#0 /vh/g/fixitcombd184747/www/wp-content/plugins/New-WooCommerce-PaymentGateway-V5.2.1-EasyCheckout-master/index.php(597): include()
#1 /vh/g/fixitcombd184747/www/wp-includes/class-wp-hook.php(288): Create_ssl_ipn_page_url->parse_request(Object(WP))
#2 /vh/g/fixitcombd184747/www/wp-includes/class-wp-hook.php(312): WP_Hook->apply_filters(NULL, Array)
#3 /vh/g/fixitcombd184747/www/wp-includes/plugin.php(544): WP_Hook->do_action(Array)
#4 /vh/g/fixitcombd184747/www/wp-includes/class-wp.php(387): do_action_ref_array('parse_request', Array)
#5 /vh/g/fixitcombd184747/www/wp-includes/class-wp.php(729): WP->parse_request('')
#6 /vh/g/fixitcombd184747/www/wp-includes/functions.php(1255): WP->main('')
#7 /vh/g/fixitcombd184747/www/wp-blog-header.php(16): wp()
#8 /vh/g/fixitcombd184747/www/index.php(17): require('/vh in /vh/g/fixitcombd184747/www/wp-content/plugins/New-WooCommerce-PaymentGateway-V5.2.1-EasyCheckout-master/sslcommerz_ipn.php on line 48

2020-03-19T18:46:05+00:00 CRITICAL Uncaught Error: Call to a member function get_total() on boolean in /vh/g/fixitcombd184747/www/wp-content/plugins/New-WooCommerce-PaymentGateway-V5.2.1-EasyCheckout-master/sslcommerz_ipn.php:48
Stack trace:
#0 /vh/g/fixitcombd184747/www/wp-content/plugins/New-WooCommerce-PaymentGateway-V5.2.1-EasyCheckout-master/index.php(597): include()
#1 /vh/g/fixitcombd184747/www/wp-includes/class-wp-hook.php(288): Create_ssl_ipn_page_url->parse_request(Object(WP))
#2 /vh/g/fixitcombd184747/www/wp-includes/class-wp-hook.php(312): WP_Hook->apply_filters(NULL, Array)
#3 /vh/g/fixitcombd184747/www/wp-includes/plugin.php(544): WP_Hook->do_action(Array)
#4 /vh/g/fixitcombd184747/www/wp-includes/class-wp.php(387): do_action_ref_array('parse_request', Array)
#5 /vh/g/fixitcombd184747/www/wp-includes/class-wp.php(729): WP->parse_request('')
#6 /vh/g/fixitcombd184747/www/wp-includes/functions.php(1255): WP->main('')
#7 /vh/g/fixitcombd184747/www/wp-blog-header.php(16): wp()
#8 /vh/g/fixitcombd184747/www/index.php(17): require('/vh in /vh/g/fixitcombd184747/www/wp-content/plugins/New-WooCommerce-PaymentGateway-V5.2.1-EasyCheckout-master/sslcommerz_ipn.php on line 48

2020-03-19T18:58:13+00:00 CRITICAL Uncaught Error: Call to a member function get_total() on boolean in /vh/g/fixitcombd184747/www/wp-content/plugins/New-WooCommerce-PaymentGateway-V5.2.1-EasyCheckout-master/sslcommerz_ipn.php:48
Stack trace:
#0 /vh/g/fixitcombd184747/www/wp-content/plugins/New-WooCommerce-PaymentGateway-V5.2.1-EasyCheckout-master/index.php(597): include()
#1 /vh/g/fixitcombd184747/www/wp-includes/class-wp-hook.php(288): Create_ssl_ipn_page_url->parse_request(Object(WP))
#2 /vh/g/fixitcombd184747/www/wp-includes/class-wp-hook.php(312): WP_Hook->apply_filters(NULL, Array)
#3 /vh/g/fixitcombd184747/www/wp-includes/plugin.php(544): WP_Hook->do_action(Array)
#4 /vh/g/fixitcombd184747/www/wp-includes/class-wp.php(387): do_action_ref_array('parse_request', Array)
#5 /vh/g/fixitcombd184747/www/wp-includes/class-wp.php(729): WP->parse_request('')
#6 /vh/g/fixitcombd184747/www/wp-includes/functions.php(1255): WP->main('')
#7 /vh/g/fixitcombd184747/www/wp-blog-header.php(16): wp()
#8 /vh/g/fixitcombd184747/www/index.php(17): require('/vh in /vh/g/fixitcombd184747/www/wp-content/plugins/New-WooCommerce-PaymentGateway-V5.2.1-EasyCheckout-master/sslcommerz_ipn.php on line 48

2020-03-19T19:54:05+00:00 CRITICAL Uncaught Error: Call to a member function get_total() on boolean in /vh/g/fixitcombd184747/www/wp-content/plugins/New-WooCommerce-PaymentGateway-V5.2.1-EasyCheckout-master/sslcommerz_ipn.php:48
Stack trace:
#0 /vh/g/fixitcombd184747/www/wp-content/plugins/New-WooCommerce-PaymentGateway-V5.2.1-EasyCheckout-master/index.php(597): include()
#1 /vh/g/fixitcombd184747/www/wp-includes/class-wp-hook.php(288): Create_ssl_ipn_page_url->parse_request(Object(WP))
#2 /vh/g/fixitcombd184747/www/wp-includes/class-wp-hook.php(312): WP_Hook->apply_filters(NULL, Array)
#3 /vh/g/fixitcombd184747/www/wp-includes/plugin.php(544): WP_Hook->do_action(Array)
#4 /vh/g/fixitcombd184747/www/wp-includes/class-wp.php(387): do_action_ref_array('parse_request', Array)
#5 /vh/g/fixitcombd184747/www/wp-includes/class-wp.php(729): WP->parse_request('')
#6 /vh/g/fixitcombd184747/www/wp-includes/functions.php(1255): WP->main('')
#7 /vh/g/fixitcombd184747/www/wp-blog-header.php(16): wp()
#8 /vh/g/fixitcombd184747/www/index.php(17): require('/vh in /vh/g/fixitcombd184747/www/wp-content/plugins/New-WooCommerce-PaymentGateway-V5.2.1-EasyCheckout-master/sslcommerz_ipn.php on line 48

2020-03-19T20:04:13+00:00 CRITICAL Uncaught Error: Call to a member function get_total() on boolean in /vh/g/fixitcombd184747/www/wp-content/plugins/New-WooCommerce-PaymentGateway-V5.2.1-EasyCheckout-master/sslcommerz_ipn.php:48
Stack trace:
#0 /vh/g/fixitcombd184747/www/wp-content/plugins/New-WooCommerce-PaymentGateway-V5.2.1-EasyCheckout-master/index.php(597): include()
#1 /vh/g/fixitcombd184747/www/wp-includes/class-wp-hook.php(288): Create_ssl_ipn_page_url->parse_request(Object(WP))
#2 /vh/g/fixitcombd184747/www/wp-includes/class-wp-hook.php(312): WP_Hook->apply_filters(NULL, Array)
#3 /vh/g/fixitcombd184747/www/wp-includes/plugin.php(544): WP_Hook->do_action(Array)
#4 /vh/g/fixitcombd184747/www/wp-includes/class-wp.php(387): do_action_ref_array('parse_request', Array)
#5 /vh/g/fixitcombd184747/www/wp-includes/class-wp.php(729): WP->parse_request('')
#6 /vh/g/fixitcombd184747/www/wp-includes/functions.php(1255): WP->main('')
#7 /vh/g/fixitcombd184747/www/wp-blog-header.php(16): wp()
#8 /vh/g/fixitcombd184747/www/index.php(17): require('/vh in /vh/g/fixitcombd184747/www/wp-content/plugins/New-WooCommerce-PaymentGateway-V5.2.1-EasyCheckout-master/sslcommerz_ipn.php on line 48

