2020-03-12T02:11:48+00:00 CRITICAL Uncaught Error: Call to a member function get_date_created() on null in /vh/g/fixitcombd184747/www/wp-content/plugins/duracelltomi-google-tag-manager/integration/woocommerce.php:432
Stack trace:
#0 /vh/g/fixitcombd184747/www/wp-includes/class-wp-hook.php(288): gtm4wp_woocommerce_datalayer_filter_items(Array)
#1 /vh/g/fixitcombd184747/www/wp-includes/plugin.php(206): WP_Hook->apply_filters(Array, Array)
#2 /vh/g/fixitcombd184747/www/wp-content/plugins/duracelltomi-google-tag-manager/public/frontend.php(818): apply_filters('gtm4wp_compile_...', Array)
#3 /vh/g/fixitcombd184747/www/wp-includes/class-wp-hook.php(286): gtm4wp_wp_header_begin()
#4 /vh/g/fixitcombd184747/www/wp-includes/class-wp-hook.php(312): WP_Hook->apply_filters(NULL, Array)
#5 /vh/g/fixitcombd184747/www/wp-includes/plugin.php(478): WP_Hook->do_action(Array)
#6 /vh/g/fixitcombd184747/www/wp-includes/general-template.php(2879): do_action('wp_head')
#7 /vh/g/fixitcombd184747/www/wp-content/themes/urna/header.php(17): wp_head()
#8 /vh/g/fixitcombd1 in /vh/g/fixitcombd184747/www/wp-content/plugins/duracelltomi-google-tag-manager/integration/woocommerce.php on line 432

2020-03-12T02:11:53+00:00 CRITICAL Uncaught Error: Call to a member function get_date_created() on null in /vh/g/fixitcombd184747/www/wp-content/plugins/duracelltomi-google-tag-manager/integration/woocommerce.php:432
Stack trace:
#0 /vh/g/fixitcombd184747/www/wp-includes/class-wp-hook.php(288): gtm4wp_woocommerce_datalayer_filter_items(Array)
#1 /vh/g/fixitcombd184747/www/wp-includes/plugin.php(206): WP_Hook->apply_filters(Array, Array)
#2 /vh/g/fixitcombd184747/www/wp-content/plugins/duracelltomi-google-tag-manager/public/frontend.php(818): apply_filters('gtm4wp_compile_...', Array)
#3 /vh/g/fixitcombd184747/www/wp-includes/class-wp-hook.php(286): gtm4wp_wp_header_begin()
#4 /vh/g/fixitcombd184747/www/wp-includes/class-wp-hook.php(312): WP_Hook->apply_filters(NULL, Array)
#5 /vh/g/fixitcombd184747/www/wp-includes/plugin.php(478): WP_Hook->do_action(Array)
#6 /vh/g/fixitcombd184747/www/wp-includes/general-template.php(2879): do_action('wp_head')
#7 /vh/g/fixitcombd184747/www/wp-content/themes/urna/header.php(17): wp_head()
#8 /vh/g/fixitcombd1 in /vh/g/fixitcombd184747/www/wp-content/plugins/duracelltomi-google-tag-manager/integration/woocommerce.php on line 432

2020-03-12T04:07:44+00:00 CRITICAL Uncaught Error: Call to a member function get_total() on boolean in /vh/g/fixitcombd184747/www/wp-content/plugins/New-WooCommerce-PaymentGateway-V5.2.1-EasyCheckout-master/sslcommerz_ipn.php:48
Stack trace:
#0 /vh/g/fixitcombd184747/www/wp-content/plugins/New-WooCommerce-PaymentGateway-V5.2.1-EasyCheckout-master/index.php(597): include()
#1 /vh/g/fixitcombd184747/www/wp-includes/class-wp-hook.php(288): Create_ssl_ipn_page_url->parse_request(Object(WP))
#2 /vh/g/fixitcombd184747/www/wp-includes/class-wp-hook.php(312): WP_Hook->apply_filters(NULL, Array)
#3 /vh/g/fixitcombd184747/www/wp-includes/plugin.php(544): WP_Hook->do_action(Array)
#4 /vh/g/fixitcombd184747/www/wp-includes/class-wp.php(387): do_action_ref_array('parse_request', Array)
#5 /vh/g/fixitcombd184747/www/wp-includes/class-wp.php(729): WP->parse_request('')
#6 /vh/g/fixitcombd184747/www/wp-includes/functions.php(1255): WP->main('')
#7 /vh/g/fixitcombd184747/www/wp-blog-header.php(16): wp()
#8 /vh/g/fixitcombd184747/www/index.php(17): require('/vh in /vh/g/fixitcombd184747/www/wp-content/plugins/New-WooCommerce-PaymentGateway-V5.2.1-EasyCheckout-master/sslcommerz_ipn.php on line 48

2020-03-12T04:07:44+00:00 CRITICAL Uncaught Error: Call to a member function get_total() on boolean in /vh/g/fixitcombd184747/www/wp-content/plugins/New-WooCommerce-PaymentGateway-V5.2.1-EasyCheckout-master/sslcommerz_ipn.php:48
Stack trace:
#0 /vh/g/fixitcombd184747/www/wp-content/plugins/New-WooCommerce-PaymentGateway-V5.2.1-EasyCheckout-master/index.php(597): include()
#1 /vh/g/fixitcombd184747/www/wp-includes/class-wp-hook.php(288): Create_ssl_ipn_page_url->parse_request(Object(WP))
#2 /vh/g/fixitcombd184747/www/wp-includes/class-wp-hook.php(312): WP_Hook->apply_filters(NULL, Array)
#3 /vh/g/fixitcombd184747/www/wp-includes/plugin.php(544): WP_Hook->do_action(Array)
#4 /vh/g/fixitcombd184747/www/wp-includes/class-wp.php(387): do_action_ref_array('parse_request', Array)
#5 /vh/g/fixitcombd184747/www/wp-includes/class-wp.php(729): WP->parse_request('')
#6 /vh/g/fixitcombd184747/www/wp-includes/functions.php(1255): WP->main('')
#7 /vh/g/fixitcombd184747/www/wp-blog-header.php(16): wp()
#8 /vh/g/fixitcombd184747/www/index.php(17): require('/vh in /vh/g/fixitcombd184747/www/wp-content/plugins/New-WooCommerce-PaymentGateway-V5.2.1-EasyCheckout-master/sslcommerz_ipn.php on line 48

2020-03-12T04:16:27+00:00 CRITICAL Uncaught Error: Call to a member function get_total() on boolean in /vh/g/fixitcombd184747/www/wp-content/plugins/New-WooCommerce-PaymentGateway-V5.2.1-EasyCheckout-master/sslcommerz_ipn.php:48
Stack trace:
#0 /vh/g/fixitcombd184747/www/wp-content/plugins/New-WooCommerce-PaymentGateway-V5.2.1-EasyCheckout-master/index.php(597): include()
#1 /vh/g/fixitcombd184747/www/wp-includes/class-wp-hook.php(288): Create_ssl_ipn_page_url->parse_request(Object(WP))
#2 /vh/g/fixitcombd184747/www/wp-includes/class-wp-hook.php(312): WP_Hook->apply_filters(NULL, Array)
#3 /vh/g/fixitcombd184747/www/wp-includes/plugin.php(544): WP_Hook->do_action(Array)
#4 /vh/g/fixitcombd184747/www/wp-includes/class-wp.php(387): do_action_ref_array('parse_request', Array)
#5 /vh/g/fixitcombd184747/www/wp-includes/class-wp.php(729): WP->parse_request('')
#6 /vh/g/fixitcombd184747/www/wp-includes/functions.php(1255): WP->main('')
#7 /vh/g/fixitcombd184747/www/wp-blog-header.php(16): wp()
#8 /vh/g/fixitcombd184747/www/index.php(17): require('/vh in /vh/g/fixitcombd184747/www/wp-content/plugins/New-WooCommerce-PaymentGateway-V5.2.1-EasyCheckout-master/sslcommerz_ipn.php on line 48

2020-03-12T06:13:17+00:00 CRITICAL Uncaught Error: Call to a member function get_date_created() on null in /vh/g/fixitcombd184747/www/wp-content/plugins/duracelltomi-google-tag-manager/integration/woocommerce.php:432
Stack trace:
#0 /vh/g/fixitcombd184747/www/wp-includes/class-wp-hook.php(288): gtm4wp_woocommerce_datalayer_filter_items(Array)
#1 /vh/g/fixitcombd184747/www/wp-includes/plugin.php(206): WP_Hook->apply_filters(Array, Array)
#2 /vh/g/fixitcombd184747/www/wp-content/plugins/duracelltomi-google-tag-manager/public/frontend.php(818): apply_filters('gtm4wp_compile_...', Array)
#3 /vh/g/fixitcombd184747/www/wp-includes/class-wp-hook.php(286): gtm4wp_wp_header_begin()
#4 /vh/g/fixitcombd184747/www/wp-includes/class-wp-hook.php(312): WP_Hook->apply_filters(NULL, Array)
#5 /vh/g/fixitcombd184747/www/wp-includes/plugin.php(478): WP_Hook->do_action(Array)
#6 /vh/g/fixitcombd184747/www/wp-includes/general-template.php(2879): do_action('wp_head')
#7 /vh/g/fixitcombd184747/www/wp-content/themes/urna/header.php(17): wp_head()
#8 /vh/g/fixitcombd1 in /vh/g/fixitcombd184747/www/wp-content/plugins/duracelltomi-google-tag-manager/integration/woocommerce.php on line 432

2020-03-12T06:13:22+00:00 CRITICAL Uncaught Error: Call to a member function get_date_created() on null in /vh/g/fixitcombd184747/www/wp-content/plugins/duracelltomi-google-tag-manager/integration/woocommerce.php:432
Stack trace:
#0 /vh/g/fixitcombd184747/www/wp-includes/class-wp-hook.php(288): gtm4wp_woocommerce_datalayer_filter_items(Array)
#1 /vh/g/fixitcombd184747/www/wp-includes/plugin.php(206): WP_Hook->apply_filters(Array, Array)
#2 /vh/g/fixitcombd184747/www/wp-content/plugins/duracelltomi-google-tag-manager/public/frontend.php(818): apply_filters('gtm4wp_compile_...', Array)
#3 /vh/g/fixitcombd184747/www/wp-includes/class-wp-hook.php(286): gtm4wp_wp_header_begin()
#4 /vh/g/fixitcombd184747/www/wp-includes/class-wp-hook.php(312): WP_Hook->apply_filters(NULL, Array)
#5 /vh/g/fixitcombd184747/www/wp-includes/plugin.php(478): WP_Hook->do_action(Array)
#6 /vh/g/fixitcombd184747/www/wp-includes/general-template.php(2879): do_action('wp_head')
#7 /vh/g/fixitcombd184747/www/wp-content/themes/urna/header.php(17): wp_head()
#8 /vh/g/fixitcombd1 in /vh/g/fixitcombd184747/www/wp-content/plugins/duracelltomi-google-tag-manager/integration/woocommerce.php on line 432

2020-03-12T06:13:25+00:00 CRITICAL Uncaught Error: Call to a member function get_date_created() on null in /vh/g/fixitcombd184747/www/wp-content/plugins/duracelltomi-google-tag-manager/integration/woocommerce.php:432
Stack trace:
#0 /vh/g/fixitcombd184747/www/wp-includes/class-wp-hook.php(288): gtm4wp_woocommerce_datalayer_filter_items(Array)
#1 /vh/g/fixitcombd184747/www/wp-includes/plugin.php(206): WP_Hook->apply_filters(Array, Array)
#2 /vh/g/fixitcombd184747/www/wp-content/plugins/duracelltomi-google-tag-manager/public/frontend.php(818): apply_filters('gtm4wp_compile_...', Array)
#3 /vh/g/fixitcombd184747/www/wp-includes/class-wp-hook.php(286): gtm4wp_wp_header_begin()
#4 /vh/g/fixitcombd184747/www/wp-includes/class-wp-hook.php(312): WP_Hook->apply_filters(NULL, Array)
#5 /vh/g/fixitcombd184747/www/wp-includes/plugin.php(478): WP_Hook->do_action(Array)
#6 /vh/g/fixitcombd184747/www/wp-includes/general-template.php(2879): do_action('wp_head')
#7 /vh/g/fixitcombd184747/www/wp-content/themes/urna/header.php(17): wp_head()
#8 /vh/g/fixitcombd1 in /vh/g/fixitcombd184747/www/wp-content/plugins/duracelltomi-google-tag-manager/integration/woocommerce.php on line 432

2020-03-12T11:57:13+00:00 CRITICAL Uncaught Error: Call to a member function get_total() on boolean in /vh/g/fixitcombd184747/www/wp-content/plugins/New-WooCommerce-PaymentGateway-V5.2.1-EasyCheckout-master/sslcommerz_ipn.php:48
Stack trace:
#0 /vh/g/fixitcombd184747/www/wp-content/plugins/New-WooCommerce-PaymentGateway-V5.2.1-EasyCheckout-master/index.php(597): include()
#1 /vh/g/fixitcombd184747/www/wp-includes/class-wp-hook.php(288): Create_ssl_ipn_page_url->parse_request(Object(WP))
#2 /vh/g/fixitcombd184747/www/wp-includes/class-wp-hook.php(312): WP_Hook->apply_filters(NULL, Array)
#3 /vh/g/fixitcombd184747/www/wp-includes/plugin.php(544): WP_Hook->do_action(Array)
#4 /vh/g/fixitcombd184747/www/wp-includes/class-wp.php(387): do_action_ref_array('parse_request', Array)
#5 /vh/g/fixitcombd184747/www/wp-includes/class-wp.php(729): WP->parse_request('')
#6 /vh/g/fixitcombd184747/www/wp-includes/functions.php(1255): WP->main('')
#7 /vh/g/fixitcombd184747/www/wp-blog-header.php(16): wp()
#8 /vh/g/fixitcombd184747/www/index.php(17): require('/vh in /vh/g/fixitcombd184747/www/wp-content/plugins/New-WooCommerce-PaymentGateway-V5.2.1-EasyCheckout-master/sslcommerz_ipn.php on line 48

2020-03-12T12:09:54+00:00 CRITICAL Uncaught Error: Call to a member function get_total() on boolean in /vh/g/fixitcombd184747/www/wp-content/plugins/New-WooCommerce-PaymentGateway-V5.2.1-EasyCheckout-master/sslcommerz_ipn.php:48
Stack trace:
#0 /vh/g/fixitcombd184747/www/wp-content/plugins/New-WooCommerce-PaymentGateway-V5.2.1-EasyCheckout-master/index.php(597): include()
#1 /vh/g/fixitcombd184747/www/wp-includes/class-wp-hook.php(288): Create_ssl_ipn_page_url->parse_request(Object(WP))
#2 /vh/g/fixitcombd184747/www/wp-includes/class-wp-hook.php(312): WP_Hook->apply_filters(NULL, Array)
#3 /vh/g/fixitcombd184747/www/wp-includes/plugin.php(544): WP_Hook->do_action(Array)
#4 /vh/g/fixitcombd184747/www/wp-includes/class-wp.php(387): do_action_ref_array('parse_request', Array)
#5 /vh/g/fixitcombd184747/www/wp-includes/class-wp.php(729): WP->parse_request('')
#6 /vh/g/fixitcombd184747/www/wp-includes/functions.php(1255): WP->main('')
#7 /vh/g/fixitcombd184747/www/wp-blog-header.php(16): wp()
#8 /vh/g/fixitcombd184747/www/index.php(17): require('/vh in /vh/g/fixitcombd184747/www/wp-content/plugins/New-WooCommerce-PaymentGateway-V5.2.1-EasyCheckout-master/sslcommerz_ipn.php on line 48

